<?xml version="1.0" encoding="UTF-8"?>
<!-- Generated by org.testng.reporters.JUnitReportReporter -->
<testsuite skipped="0" hostname="Ashwajits-MacBook-Pro.local" name="testClasses.LoginTest" tests="1" failures="0" timestamp="2020-05-02T16:49:50 AEST" time="23.623" errors="0">
  <testcase name="Tests" time="23.623" classname="testClasses.LoginTest"/>
  <system-out/>
</testsuite> <!-- testClasses.LoginTest -->
